<?xml version="1.0" encoding="UTF-8"?>
<!-- Generated by org.testng.reporters.JUnitXMLReporter -->
<testsuite ignored="1" hostname="DESKTOP-KFTFO04" failures="0" tests="2" name="Test" time="20.019" errors="0" timestamp="2023-01-20T14:20:38 IST">
  <testcase classname="Account.AccountCreationTestCAse" name="Account" time="1.167"/>
  <testcase classname="HeaderVerificationTest.AllModule" name="SelectCurrency" time="6.393"/>
  <testcase classname="Account.AccountCreationTestCAse" name="RegisterUser" time="0.0">
    <ignored/>
  </testcase> <!-- RegisterUser -->
</testsuite> <!-- Test -->
