<?xml version="1.0" encoding="UTF-8"?>
<testng-results ignored="1" total="3" passed="2" failed="0" skipped="0">
  <reporter-output>
  </reporter-output>
  <suite started-at="2023-01-20T14:20:18 IST" name="Suite" finished-at="2023-01-20T14:20:38 IST" duration-ms="20019">
    <groups>
    </groups>
    <test started-at="2023-01-20T14:20:18 IST" name="Test" finished-at="2023-01-20T14:20:38 IST" duration-ms="20019">
      <class name="Account.AccountCreationTestCAse">
        <test-method is-config="true" signature="BrowserLunch()[pri:0, instance:Account.AccountCreationTestCAse@16610890]" started-at="2023-01-20T14:20:18 IST" name="BrowserLunch" finished-at="2023-01-20T14:20:26 IST" duration-ms="8400" status="PASS">
          <reporter-output>
          </reporter-output>
        </test-method> <!-- BrowserLunch -->
        <test-method signature="Account()[pri:0, instance:Account.AccountCreationTestCAse@16610890]" started-at="2023-01-20T14:20:26 IST" name="Account" finished-at="2023-01-20T14:20:27 IST" duration-ms="1167" status="PASS">
          <reporter-output>
          </reporter-output>
        </test-method> <!-- Account -->
      </class> <!-- Account.AccountCreationTestCAse -->
      <class name="HeaderVerificationTest.AllModule">
        <test-method is-config="true" signature="BrowserLunch()[pri:0, instance:HeaderVerificationTest.AllModule@5b03b9fe]" started-at="2023-01-20T14:20:27 IST" name="BrowserLunch" finished-at="2023-01-20T14:20:31 IST" duration-ms="3979" status="PASS">
          <reporter-output>
          </reporter-output>
        </test-method> <!-- BrowserLunch -->
        <test-method signature="SelectCurrency()[pri:0, instance:HeaderVerificationTest.AllModule@5b03b9fe]" started-at="2023-01-20T14:20:31 IST" name="SelectCurrency" finished-at="2023-01-20T14:20:38 IST" duration-ms="6393" status="PASS">
          <reporter-output>
          </reporter-output>
        </test-method> <!-- SelectCurrency -->
      </class> <!-- HeaderVerificationTest.AllModule -->
    </test> <!-- Test -->
  </suite> <!-- Suite -->
</testng-results>
